<?xml version="1.0" encoding="UTF-8"?>
<!-- Generated by org.testng.reporters.JUnitXMLReporter -->
<testsuite ignored="0" hostname="Dhineshkumar" failures="0" tests="3" name="Test1" time="0.062" errors="0" timestamp="2024-04-29T22:44:30 IST">
  <testcase classname="TestNG.Working_With_Chrome" name="delete" time="0.012"/>
  <testcase classname="TestNG.Working_With_Chrome" name="login" time="0.009"/>
  <testcase classname="TestNG.Working_With_Chrome" name="regis" time="0.002"/>
</testsuite> <!-- Test1 -->
