<?xml version="1.0" encoding="UTF-8"?>
<!-- Generated by org.testng.reporters.JUnitXMLReporter -->
<testsuite ignored="0" hostname="Dhineshkumar" failures="0" tests="20" name="Test2" time="0.101" errors="0" timestamp="2024-04-29T22:44:30 IST">
  <testcase classname="TestNG.ThreadpoolSize" name="logout" time="0.013"/>
  <testcase classname="TestNG.ThreadpoolSize" name="logout" time="0.013"/>
  <testcase classname="TestNG.ThreadpoolSize" name="logout" time="0.004"/>
  <testcase classname="TestNG.ThreadpoolSize" name="logout" time="0.008"/>
  <testcase classname="TestNG.ThreadpoolSize" name="logout" time="0.002"/>
  <testcase classname="TestNG.ThreadpoolSize" name="login" time="0.003"/>
  <testcase classname="TestNG.ThreadpoolSize" name="login" time="0.004"/>
  <testcase classname="TestNG.ThreadpoolSize" name="login" time="0.003"/>
  <testcase classname="TestNG.ThreadpoolSize" name="login" time="0.002"/>
  <testcase classname="TestNG.ThreadpoolSize" name="login" time="0.004"/>
  <testcase classname="TestNG.ThreadpoolSize" name="register" time="0.002"/>
  <testcase classname="TestNG.ThreadpoolSize" name="register" time="0.002"/>
  <testcase classname="TestNG.ThreadpoolSize" name="register" time="0.001"/>
  <testcase classname="TestNG.ThreadpoolSize" name="register" time="0.005"/>
  <testcase classname="TestNG.ThreadpoolSize" name="register" time="0.009"/>
  <testcase classname="TestNG.ThreadpoolSize" name="register" time="0.005"/>
  <testcase classname="TestNG.ThreadpoolSize" name="register" time="0.012"/>
  <testcase classname="TestNG.ThreadpoolSize" name="register" time="0.014"/>
  <testcase classname="TestNG.ThreadpoolSize" name="register" time="0.006"/>
  <testcase classname="TestNG.ThreadpoolSize" name="register" time="0.009"/>
</testsuite> <!-- Test2 -->
